<?xml version="1.0" encoding="UTF-8"?>
<!-- Generated by org.testng.reporters.JUnitXMLReporter -->
<testsuite ignored="0" hostname="DESKTOP-STUVUJG" failures="1" tests="1" name="Add Customer Test" time="6.77" errors="0" timestamp="14 Mar 2020 12:11:40 GMT">
  <testcase classname="com.w2a.testcases.AddCustomerTest" name="addCustomerTest" time="6.395">
    <failure type="java.lang.AssertionError" message="Add customer failed">
      <![CDATA[java.lang.AssertionError: Add customer failed
at com.w2a.testcases.AddCustomerTest.addCustomerTest(AddCustomerTest.java:39)
... Removed 29 stack frames]]>
    </failure>
  </testcase> <!-- addCustomerTest -->
</testsuite> <!-- Add Customer Test -->
